<?xml version="1.0" encoding="UTF-8"?>
<testng-results ignored="0" total="1" passed="1" failed="0" skipped="0">
  <reporter-output>
  </reporter-output>
  <suite started-at="2023-07-13T11:28:48 IST" name="Default suite" finished-at="2023-07-13T11:28:48 IST" duration-ms="48">
    <groups>
    </groups>
    <test started-at="2023-07-13T11:28:48 IST" name="Default test" finished-at="2023-07-13T11:28:48 IST" duration-ms="48">
      <class name="practice.DemoTestEx">
        <test-method signature="m1()[pri:0, instance:practice.DemoTestEx@7adda9cc]" started-at="2023-07-13T11:28:48 IST" name="m1" finished-at="2023-07-13T11:28:48 IST" duration-ms="13" status="PASS">
          <reporter-output>
          </reporter-output>
        </test-method> <!-- m1 -->
      </class> <!-- practice.DemoTestEx -->
    </test> <!-- Default test -->
  </suite> <!-- Default suite -->
</testng-results>
